Examples/basic-foundation-app/exports/android/app/build/intermediates/manifest_merge_blame_file/debug/processDebugMainManifest/manifest-merger-blame-debug-report.txt
1<?xml version="1.0" encoding="utf-8"?>
2<manifest xmlns:android="http://schemas.android.com/apk/res/android"
3    package="com.kira.basic_foundation_app"
4    android:versionCode="1"
5    android:versionName="0.1.0" >
6
7    <uses-sdk
8        android:minSdkVersion="26"
9        android:targetSdkVersion="35" />
10
11    <application
11-->src/main/AndroidManifest.xml:1:70-380
12        android:debuggable="true"
13        android:extractNativeLibs="false"
14        android:label="KiraApp"
14-->src/main/AndroidManifest.xml:1:115-138
15        android:theme="@style/AppTheme" >
15-->src/main/AndroidManifest.xml:1:83-114
16        <activity
16-->src/main/AndroidManifest.xml:1:139-366
17            android:name="com.kira.app.MainActivity"
17-->src/main/AndroidManifest.xml:1:149-189
18            android:exported="true" >
18-->src/main/AndroidManifest.xml:1:190-213
19            <intent-filter>
19-->src/main/AndroidManifest.xml:1:214-355
20                <action android:name="android.intent.action.MAIN" />
20-->src/main/AndroidManifest.xml:1:229-280
20-->src/main/AndroidManifest.xml:1:237-278
21
22                <category android:name="android.intent.category.LAUNCHER" />
22-->src/main/AndroidManifest.xml:1:280-339
22-->src/main/AndroidManifest.xml:1:290-337
23            </intent-filter>
24        </activity>
25    </application>
26
27</manifest>